
6月 26, 2017 08:48:12.53 NEW SESSION
6月 26, 2017 08:48:12.53 [3884:4028:0626/084812.470:ERROR:gcm_channel_status_request.cc(127)] GCM channel request failed.
6月 26, 2017 08:48:35.05 [3884:4028:0626/084835.054:ERROR:gcm_channel_status_request.cc(127)] GCM channel request failed.
6月 26, 2017 08:49:31.39 [3884:4028:0626/084931.393:ERROR:gcm_channel_status_request.cc(127)] GCM channel request failed.
6月 26, 2017 08:51:17.72 [3884:4028:0626/085117.720:ERROR:gcm_channel_status_request.cc(127)] GCM channel request failed.
6月 26, 2017 08:54:09.17 [3884:4028:0626/085409.177:ERROR:gcm_channel_status_request.cc(127)] GCM channel request failed.
6月 26, 2017 09:00:05.36 [3884:4028:0626/090005.361:ERROR:gcm_channel_status_request.cc(127)] GCM channel request failed.
6月 26, 2017 09:10:05.38 [3884:4028:0626/091005.382:ERROR:gcm_channel_status_request.cc(127)] GCM channel request failed.
6月 26, 2017 09:20:05.39 [3884:4028:0626/092005.387:ERROR:gcm_channel_status_request.cc(127)] GCM channel request failed.
6月 26, 2017 09:35:39.14 [5936:3260:0626/093539.144:ERROR:gcm_channel_status_request.cc(127)] GCM channel request failed.
6月 26, 2017 09:35:59.76 [5936:3260:0626/093559.765:ERROR:gcm_channel_status_request.cc(127)] GCM channel request failed.
6月 26, 2017 09:36:56.66 [5936:3260:0626/093656.666:ERROR:gcm_channel_status_request.cc(127)] GCM channel request failed.
6月 26, 2017 09:38:31.75 [5936:3260:0626/093831.756:ERROR:gcm_channel_status_request.cc(127)] GCM channel request failed.

6月 26, 2017 20:08:05.48 NEW SESSION
6月 26, 2017 20:08:05.50 [2164:4716:0626/200804.562:ERROR:render_process_host_impl.cc(2094)] Request for unknown Channel-associated interface: device::mojom::ScreenOrientationListener

6月 27, 2017 11:34:18.35 NEW SESSION
6月 27, 2017 11:34:18.35 [744:976:0627/113418.319:ERROR:gcm_channel_status_request.cc(127)] GCM channel request failed.
6月 27, 2017 11:34:39.49 [744:976:0627/113439.496:ERROR:gcm_channel_status_request.cc(127)] GCM channel request failed.
6月 27, 2017 11:35:27.26 [744:976:0627/113527.259:ERROR:gcm_channel_status_request.cc(127)] GCM channel request failed.
6月 27, 2017 11:36:56.39 [744:976:0627/113656.388:ERROR:gcm_channel_status_request.cc(127)] GCM channel request failed.
6月 27, 2017 11:40:40.68 [744:976:0627/114040.679:ERROR:gcm_channel_status_request.cc(127)] GCM channel request failed.

7月 01, 2017 07:30:06.41 NEW SESSION
7月 01, 2017 07:30:06.42 [836:1604:0701/073006.357:ERROR:gcm_channel_status_request.cc(127)] GCM channel request failed.
7月 01, 2017 07:30:29.78 [836:1604:0701/073029.780:ERROR:gcm_channel_status_request.cc(127)] GCM channel request failed.
7月 01, 2017 07:31:10.55 [836:1604:0701/073110.555:ERROR:gcm_channel_status_request.cc(127)] GCM channel request failed.

7月 03, 2017 13:43:36.92 NEW SESSION
7月 03, 2017 13:43:36.92 [5696:3272:0703/134336.886:ERROR:service_manager.cc(158)] Connection InterfaceProviderSpec prevented service: content_plugin from binding interface: memory_instrumentation::mojom::Coordinator exposed by: content_browser

7月 03, 2017 18:23:13.81 NEW SESSION
7月 03, 2017 18:23:13.81 [3196:3200:0703/182313.766:ERROR:render_widget_host_view_aura.cc(1349)] NOT IMPLEMENTED
7月 03, 2017 18:23:13.89 [3196:3200:0703/182313.766:ERROR:render_widget_host_view_aura.cc(1349)] NOT IMPLEMENTED
7月 03, 2017 18:23:18.46 [3196:3200:0703/182318.465:ERROR:render_widget_host_view_aura.cc(1349)] NOT IMPLEMENTED
7月 03, 2017 18:23:18.54 [3196:3200:0703/182318.466:ERROR:render_widget_host_view_aura.cc(1349)] NOT IMPLEMENTED
7月 03, 2017 18:23:38.99 [3196:3200:0703/182338.996:ERROR:render_widget_host_view_aura.cc(1349)] NOT IMPLEMENTED
7月 03, 2017 18:23:39.03 [3196:3200:0703/182338.996:ERROR:render_widget_host_view_aura.cc(1349)] NOT IMPLEMENTED
7月 03, 2017 18:23:41.09 [3196:3200:0703/182341.089:ERROR:render_widget_host_view_aura.cc(1349)] NOT IMPLEMENTED
7月 03, 2017 18:23:41.13 [3196:3200:0703/182341.090:ERROR:render_widget_host_view_aura.cc(1349)] NOT IMPLEMENTED
7月 03, 2017 18:23:50.21 [3196:3200:0703/182350.209:ERROR:render_widget_host_view_aura.cc(1349)] NOT IMPLEMENTED
7月 03, 2017 18:23:50.27 [3196:3200:0703/182350.209:ERROR:render_widget_host_view_aura.cc(1349)] NOT IMPLEMENTED
7月 03, 2017 18:24:54.03 [3196:3200:0703/182454.029:ERROR:render_widget_host_view_aura.cc(1349)] NOT IMPLEMENTED
7月 03, 2017 18:24:54.07 [3196:3200:0703/182454.029:ERROR:render_widget_host_view_aura.cc(1349)] NOT IMPLEMENTED
7月 03, 2017 18:24:55.61 [3196:3200:0703/182455.609:ERROR:render_widget_host_view_aura.cc(1349)] NOT IMPLEMENTED
7月 03, 2017 18:24:55.66 [3196:3200:0703/182455.609:ERROR:render_widget_host_view_aura.cc(1349)] NOT IMPLEMENTED
7月 03, 2017 18:25:13.53 [3196:3200:0703/182513.530:ERROR:render_widget_host_view_aura.cc(1349)] NOT IMPLEMENTED
7月 03, 2017 18:25:13.59 [3196:3200:0703/182513.530:ERROR:render_widget_host_view_aura.cc(1349)] NOT IMPLEMENTED

7月 04, 2017 09:11:38.53 NEW SESSION
7月 04, 2017 09:11:38.53 [2440:5476:0704/091138.389:ERROR:service_manager.cc(158)] Connection InterfaceProviderSpec prevented service: content_plugin from binding interface: memory_instrumentation::mojom::Coordinator exposed by: content_browser

7月 05, 2017 11:43:26.22 NEW SESSION
7月 05, 2017 11:43:26.23 [6124:5972:0705/114326.176:ERROR:render_widget_host_view_aura.cc(1349)] NOT IMPLEMENTED
7月 05, 2017 11:43:26.29 [6124:5972:0705/114326.177:ERROR:render_widget_host_view_aura.cc(1349)] NOT IMPLEMENTED
7月 05, 2017 11:43:29.48 [6124:5972:0705/114329.478:ERROR:render_widget_host_view_aura.cc(1349)] NOT IMPLEMENTED
7月 05, 2017 11:43:29.50 [6124:5972:0705/114329.478:ERROR:render_widget_host_view_aura.cc(1349)] NOT IMPLEMENTED
7月 05, 2017 13:09:34.16 [5364:3116:0705/130934.164:ERROR:render_widget_host_view_aura.cc(1349)] NOT IMPLEMENTED
7月 05, 2017 13:09:34.21 [5364:3116:0705/130934.164:ERROR:render_widget_host_view_aura.cc(1349)] NOT IMPLEMENTED
7月 05, 2017 13:12:58.46 [5364:3116:0705/131258.461:ERROR:render_widget_host_view_aura.cc(1349)] NOT IMPLEMENTED
7月 05, 2017 13:12:58.49 [5364:3116:0705/131258.461:ERROR:render_widget_host_view_aura.cc(1349)] NOT IMPLEMENTED
7月 05, 2017 13:13:02.10 [5364:3116:0705/131302.097:ERROR:render_widget_host_view_aura.cc(1349)] NOT IMPLEMENTED
7月 05, 2017 13:13:02.13 [5364:3116:0705/131302.097:ERROR:render_widget_host_view_aura.cc(1349)] NOT IMPLEMENTED

7月 06, 2017 12:59:17.83 NEW SESSION
7月 06, 2017 12:59:17.83 [4680:4108:0706/125917.805:ERROR:service_manager.cc(158)] Connection InterfaceProviderSpec prevented service: content_plugin from binding interface: memory_instrumentation::mojom::Coordinator exposed by: content_browser
7月 06, 2017 13:04:40.72 [4680:3288:0706/130440.727:ERROR:render_widget_host_view_aura.cc(1349)] NOT IMPLEMENTED
7月 06, 2017 13:04:40.75 [4680:3288:0706/130440.727:ERROR:render_widget_host_view_aura.cc(1349)] NOT IMPLEMENTED
7月 06, 2017 13:04:47.58 [4680:3288:0706/130447.579:ERROR:render_widget_host_view_aura.cc(1349)] NOT IMPLEMENTED
7月 06, 2017 13:04:47.61 [4680:3288:0706/130447.580:ERROR:render_widget_host_view_aura.cc(1349)] NOT IMPLEMENTED
7月 06, 2017 13:25:36.18 [4604:5328:0706/132536.176:ERROR:render_widget_host_view_aura.cc(1349)] NOT IMPLEMENTED
7月 06, 2017 13:25:36.22 [4604:5328:0706/132536.176:ERROR:render_widget_host_view_aura.cc(1349)] NOT IMPLEMENTED
7月 06, 2017 13:38:53.88 [4604:5328:0706/133853.878:ERROR:render_widget_host_view_aura.cc(1349)] NOT IMPLEMENTED
7月 06, 2017 13:38:53.92 [4604:5328:0706/133853.879:ERROR:render_widget_host_view_aura.cc(1349)] NOT IMPLEMENTED
7月 06, 2017 13:39:16.43 [4604:5328:0706/133916.429:ERROR:render_widget_host_view_aura.cc(1349)] NOT IMPLEMENTED
7月 06, 2017 13:39:16.46 [4604:5328:0706/133916.429:ERROR:render_widget_host_view_aura.cc(1349)] NOT IMPLEMENTED
7月 06, 2017 13:39:21.81 [4604:5328:0706/133921.816:ERROR:render_widget_host_view_aura.cc(1349)] NOT IMPLEMENTED
7月 06, 2017 13:39:21.85 [4604:5328:0706/133921.816:ERROR:render_widget_host_view_aura.cc(1349)] NOT IMPLEMENTED
7月 06, 2017 13:39:35.09 [4604:5328:0706/133935.089:ERROR:render_widget_host_view_aura.cc(1349)] NOT IMPLEMENTED
7月 06, 2017 13:39:35.13 [4604:5328:0706/133935.089:ERROR:render_widget_host_view_aura.cc(1349)] NOT IMPLEMENTED
7月 06, 2017 13:39:46.98 [4604:5328:0706/133946.987:ERROR:render_widget_host_view_aura.cc(1349)] NOT IMPLEMENTED
7月 06, 2017 13:39:47.02 [4604:5328:0706/133946.987:ERROR:render_widget_host_view_aura.cc(1349)] NOT IMPLEMENTED
7月 06, 2017 13:39:50.55 [4604:5328:0706/133950.556:ERROR:render_widget_host_view_aura.cc(1349)] NOT IMPLEMENTED
7月 06, 2017 13:39:50.59 [4604:5328:0706/133950.556:ERROR:render_widget_host_view_aura.cc(1349)] NOT IMPLEMENTED
7月 06, 2017 13:40:18.54 [4604:5328:0706/134018.546:ERROR:render_widget_host_view_aura.cc(1349)] NOT IMPLEMENTED
7月 06, 2017 13:40:18.58 [4604:5328:0706/134018.546:ERROR:render_widget_host_view_aura.cc(1349)] NOT IMPLEMENTED
7月 06, 2017 13:40:31.80 [4604:5328:0706/134031.804:ERROR:render_widget_host_view_aura.cc(1349)] NOT IMPLEMENTED
7月 06, 2017 13:40:31.84 [4604:5328:0706/134031.804:ERROR:render_widget_host_view_aura.cc(1349)] NOT IMPLEMENTED
7月 06, 2017 13:40:36.71 [4604:5328:0706/134036.717:ERROR:render_widget_host_view_aura.cc(1349)] NOT IMPLEMENTED
7月 06, 2017 13:40:36.75 [4604:5328:0706/134036.717:ERROR:render_widget_host_view_aura.cc(1349)] NOT IMPLEMENTED
7月 06, 2017 13:41:07.30 [4604:5328:0706/134107.304:ERROR:render_widget_host_view_aura.cc(1349)] NOT IMPLEMENTED
7月 06, 2017 13:41:07.34 [4604:5328:0706/134107.304:ERROR:render_widget_host_view_aura.cc(1349)] NOT IMPLEMENTED
7月 06, 2017 13:41:10.23 [4604:5328:0706/134110.229:ERROR:render_widget_host_view_aura.cc(1349)] NOT IMPLEMENTED
7月 06, 2017 13:41:10.28 [4604:5328:0706/134110.229:ERROR:render_widget_host_view_aura.cc(1349)] NOT IMPLEMENTED
7月 06, 2017 13:41:12.79 [4604:5328:0706/134112.786:ERROR:render_widget_host_view_aura.cc(1349)] NOT IMPLEMENTED
7月 06, 2017 13:41:12.84 [4604:5328:0706/134112.786:ERROR:render_widget_host_view_aura.cc(1349)] NOT IMPLEMENTED
7月 06, 2017 13:41:18.38 [4604:5328:0706/134118.384:ERROR:render_widget_host_view_aura.cc(1349)] NOT IMPLEMENTED
7月 06, 2017 13:41:18.42 [4604:5328:0706/134118.384:ERROR:render_widget_host_view_aura.cc(1349)] NOT IMPLEMENTED
7月 06, 2017 13:41:41.71 [4604:5328:0706/134141.716:ERROR:render_widget_host_view_aura.cc(1349)] NOT IMPLEMENTED
7月 06, 2017 13:41:41.75 [4604:5328:0706/134141.717:ERROR:render_widget_host_view_aura.cc(1349)] NOT IMPLEMENTED
7月 06, 2017 13:41:51.24 [4604:5328:0706/134151.246:ERROR:render_widget_host_view_aura.cc(1349)] NOT IMPLEMENTED
7月 06, 2017 13:41:51.28 [4604:5328:0706/134151.246:ERROR:render_widget_host_view_aura.cc(1349)] NOT IMPLEMENTED
7月 06, 2017 13:42:44.52 [4604:5328:0706/134244.526:ERROR:render_widget_host_view_aura.cc(1349)] NOT IMPLEMENTED
7月 06, 2017 13:42:44.58 [4604:5328:0706/134244.527:ERROR:render_widget_host_view_aura.cc(1349)] NOT IMPLEMENTED
7月 06, 2017 13:42:54.19 [4604:5328:0706/134254.194:ERROR:render_widget_host_view_aura.cc(1349)] NOT IMPLEMENTED
7月 06, 2017 13:42:54.23 [4604:5328:0706/134254.194:ERROR:render_widget_host_view_aura.cc(1349)] NOT IMPLEMENTED
7月 06, 2017 13:43:08.99 [4604:5328:0706/134308.996:ERROR:render_widget_host_view_aura.cc(1349)] NOT IMPLEMENTED
7月 06, 2017 13:43:09.03 [4604:5328:0706/134308.996:ERROR:render_widget_host_view_aura.cc(1349)] NOT IMPLEMENTED
7月 06, 2017 13:44:02.08 [4604:5328:0706/134402.082:ERROR:render_widget_host_view_aura.cc(1349)] NOT IMPLEMENTED
7月 06, 2017 13:44:02.12 [4604:5328:0706/134402.082:ERROR:render_widget_host_view_aura.cc(1349)] NOT IMPLEMENTED
7月 06, 2017 13:44:08.02 [4604:5328:0706/134408.018:ERROR:render_widget_host_view_aura.cc(1349)] NOT IMPLEMENTED
7月 06, 2017 13:44:08.05 [4604:5328:0706/134408.019:ERROR:render_widget_host_view_aura.cc(1349)] NOT IMPLEMENTED
7月 06, 2017 13:44:37.40 [4604:5328:0706/134437.400:ERROR:render_widget_host_view_aura.cc(1349)] NOT IMPLEMENTED
7月 06, 2017 13:44:37.43 [4604:5328:0706/134437.400:ERROR:render_widget_host_view_aura.cc(1349)] NOT IMPLEMENTED
7月 06, 2017 13:44:46.00 [4604:5328:0706/134446.003:ERROR:render_widget_host_view_aura.cc(1349)] NOT IMPLEMENTED
7月 06, 2017 13:44:46.11 [4604:5328:0706/134446.003:ERROR:render_widget_host_view_aura.cc(1349)] NOT IMPLEMENTED
7月 06, 2017 13:44:59.04 [4604:5328:0706/134459.044:ERROR:render_widget_host_view_aura.cc(1349)] NOT IMPLEMENTED
7月 06, 2017 13:44:59.08 [4604:5328:0706/134459.044:ERROR:render_widget_host_view_aura.cc(1349)] NOT IMPLEMENTED
7月 06, 2017 13:45:08.32 [4604:5328:0706/134508.325:ERROR:render_widget_host_view_aura.cc(1349)] NOT IMPLEMENTED
7月 06, 2017 13:45:08.40 [4604:5328:0706/134508.326:ERROR:render_widget_host_view_aura.cc(1349)] NOT IMPLEMENTED
7月 06, 2017 13:45:11.60 [4604:5328:0706/134511.599:ERROR:render_widget_host_view_aura.cc(1349)] NOT IMPLEMENTED
7月 06, 2017 13:45:11.64 [4604:5328:0706/134511.599:ERROR:render_widget_host_view_aura.cc(1349)] NOT IMPLEMENTED
7月 06, 2017 13:46:01.59 [4604:5328:0706/134601.590:ERROR:render_widget_host_view_aura.cc(1349)] NOT IMPLEMENTED
7月 06, 2017 13:46:01.63 [4604:5328:0706/134601.590:ERROR:render_widget_host_view_aura.cc(1349)] NOT IMPLEMENTED
7月 06, 2017 13:46:15.45 [4604:5328:0706/134615.449:ERROR:render_widget_host_view_aura.cc(1349)] NOT IMPLEMENTED
7月 06, 2017 13:46:15.49 [4604:5328:0706/134615.449:ERROR:render_widget_host_view_aura.cc(1349)] NOT IMPLEMENTED
7月 06, 2017 13:46:20.70 [4604:5328:0706/134620.706:ERROR:render_widget_host_view_aura.cc(1349)] NOT IMPLEMENTED
7月 06, 2017 13:46:20.75 [4604:5328:0706/134620.706:ERROR:render_widget_host_view_aura.cc(1349)] NOT IMPLEMENTED
7月 06, 2017 13:47:06.04 [4604:5328:0706/134706.041:ERROR:render_widget_host_view_aura.cc(1349)] NOT IMPLEMENTED
7月 06, 2017 13:47:06.08 [4604:5328:0706/134706.042:ERROR:render_widget_host_view_aura.cc(1349)] NOT IMPLEMENTED
7月 06, 2017 13:47:39.91 [4604:5328:0706/134739.912:ERROR:render_widget_host_view_aura.cc(1349)] NOT IMPLEMENTED
7月 06, 2017 13:47:39.95 [4604:5328:0706/134739.913:ERROR:render_widget_host_view_aura.cc(1349)] NOT IMPLEMENTED
7月 06, 2017 13:48:41.40 [4604:5328:0706/134841.404:ERROR:render_widget_host_view_aura.cc(1349)] NOT IMPLEMENTED
7月 06, 2017 13:48:41.45 [4604:5328:0706/134841.405:ERROR:render_widget_host_view_aura.cc(1349)] NOT IMPLEMENTED
7月 06, 2017 13:49:18.44 [4604:5328:0706/134918.441:ERROR:render_widget_host_view_aura.cc(1349)] NOT IMPLEMENTED
7月 06, 2017 13:49:18.50 [4604:5328:0706/134918.442:ERROR:render_widget_host_view_aura.cc(1349)] NOT IMPLEMENTED
7月 06, 2017 13:56:52.43 [4604:5080:0706/135652.428:ERROR:service_manager.cc(158)] Connection InterfaceProviderSpec prevented service: content_plugin from binding interface: memory_instrumentation::mojom::Coordinator exposed by: content_browser
7月 06, 2017 13:58:52.50 [4604:5328:0706/135852.500:ERROR:render_widget_host_view_aura.cc(1349)] NOT IMPLEMENTED
7月 06, 2017 13:58:52.54 [4604:5328:0706/135852.500:ERROR:render_widget_host_view_aura.cc(1349)] NOT IMPLEMENTED
7月 06, 2017 13:59:34.92 [4604:5328:0706/135934.926:ERROR:render_widget_host_view_aura.cc(1349)] NOT IMPLEMENTED
7月 06, 2017 13:59:34.96 [4604:5328:0706/135934.926:ERROR:render_widget_host_view_aura.cc(1349)] NOT IMPLEMENTED
7月 06, 2017 14:18:17.02 [4604:5328:0706/141817.015:ERROR:render_widget_host_view_aura.cc(1349)] NOT IMPLEMENTED
7月 06, 2017 14:18:17.08 [4604:5328:0706/141817.015:ERROR:render_widget_host_view_aura.cc(1349)] NOT IMPLEMENTED
7月 06, 2017 14:18:26.28 [4604:5328:0706/141826.279:ERROR:render_widget_host_view_aura.cc(1349)] NOT IMPLEMENTED
7月 06, 2017 14:18:26.30 [4604:5328:0706/141826.280:ERROR:render_widget_host_view_aura.cc(1349)] NOT IMPLEMENTED
7月 06, 2017 14:19:22.77 [4604:5328:0706/141922.770:ERROR:render_widget_host_view_aura.cc(1349)] NOT IMPLEMENTED
7月 06, 2017 14:19:22.80 [4604:5328:0706/141922.770:ERROR:render_widget_host_view_aura.cc(1349)] NOT IMPLEMENTED
7月 06, 2017 14:19:48.68 [4604:5328:0706/141948.679:ERROR:render_widget_host_view_aura.cc(1349)] NOT IMPLEMENTED
7月 06, 2017 14:19:48.71 [4604:5328:0706/141948.680:ERROR:render_widget_host_view_aura.cc(1349)] NOT IMPLEMENTED
7月 06, 2017 14:20:25.13 [4604:5328:0706/142025.130:ERROR:render_widget_host_view_aura.cc(1349)] NOT IMPLEMENTED
7月 06, 2017 14:20:25.16 [4604:5328:0706/142025.130:ERROR:render_widget_host_view_aura.cc(1349)] NOT IMPLEMENTED
7月 06, 2017 14:20:41.27 [4604:5328:0706/142041.273:ERROR:render_widget_host_view_aura.cc(1349)] NOT IMPLEMENTED
7月 06, 2017 14:20:41.31 [4604:5328:0706/142041.273:ERROR:render_widget_host_view_aura.cc(1349)] NOT IMPLEMENTED
7月 06, 2017 14:20:52.52 [4604:5328:0706/142052.522:ERROR:render_widget_host_view_aura.cc(1349)] NOT IMPLEMENTED
7月 06, 2017 14:20:52.56 [4604:5328:0706/142052.522:ERROR:render_widget_host_view_aura.cc(1349)] NOT IMPLEMENTED
7月 06, 2017 14:21:30.45 [4604:5328:0706/142130.453:ERROR:render_widget_host_view_aura.cc(1349)] NOT IMPLEMENTED
7月 06, 2017 14:21:30.49 [4604:5328:0706/142130.453:ERROR:render_widget_host_view_aura.cc(1349)] NOT IMPLEMENTED
7月 06, 2017 14:21:37.90 [4604:5328:0706/142137.904:ERROR:render_widget_host_view_aura.cc(1349)] NOT IMPLEMENTED
7月 06, 2017 14:21:37.95 [4604:5328:0706/142137.904:ERROR:render_widget_host_view_aura.cc(1349)] NOT IMPLEMENTED
7月 06, 2017 14:22:40.77 [4604:5328:0706/142240.771:ERROR:render_widget_host_view_aura.cc(1349)] NOT IMPLEMENTED
7月 06, 2017 14:22:40.80 [4604:5328:0706/142240.771:ERROR:render_widget_host_view_aura.cc(1349)] NOT IMPLEMENTED
7月 06, 2017 14:23:42.91 [4604:5328:0706/142342.909:ERROR:render_widget_host_view_aura.cc(1349)] NOT IMPLEMENTED
7月 06, 2017 14:23:42.95 [4604:5328:0706/142342.910:ERROR:render_widget_host_view_aura.cc(1349)] NOT IMPLEMENTED
7月 06, 2017 14:27:52.52 [4604:5328:0706/142752.524:ERROR:render_widget_host_view_aura.cc(1349)] NOT IMPLEMENTED
7月 06, 2017 14:27:52.56 [4604:5328:0706/142752.524:ERROR:render_widget_host_view_aura.cc(1349)] NOT IMPLEMENTED
7月 06, 2017 14:28:30.49 [4604:5328:0706/142830.497:ERROR:render_widget_host_view_aura.cc(1349)] NOT IMPLEMENTED
7月 06, 2017 14:28:30.52 [4604:5328:0706/142830.497:ERROR:render_widget_host_view_aura.cc(1349)] NOT IMPLEMENTED
7月 06, 2017 14:28:41.32 [4604:5328:0706/142841.313:ERROR:render_widget_host_view_aura.cc(1349)] NOT IMPLEMENTED
7月 06, 2017 14:28:41.35 [4604:5328:0706/142841.313:ERROR:render_widget_host_view_aura.cc(1349)] NOT IMPLEMENTED
7月 06, 2017 14:29:09.12 [4604:5328:0706/142909.122:ERROR:render_widget_host_view_aura.cc(1349)] NOT IMPLEMENTED
7月 06, 2017 14:29:09.15 [4604:5328:0706/142909.122:ERROR:render_widget_host_view_aura.cc(1349)] NOT IMPLEMENTED
7月 06, 2017 14:30:13.40 [4604:5328:0706/143013.398:ERROR:render_widget_host_view_aura.cc(1349)] NOT IMPLEMENTED
7月 06, 2017 14:30:13.44 [4604:5328:0706/143013.399:ERROR:render_widget_host_view_aura.cc(1349)] NOT IMPLEMENTED
7月 06, 2017 14:30:15.46 [4604:5328:0706/143015.461:ERROR:render_widget_host_view_aura.cc(1349)] NOT IMPLEMENTED
7月 06, 2017 14:30:15.51 [4604:5328:0706/143015.461:ERROR:render_widget_host_view_aura.cc(1349)] NOT IMPLEMENTED
7月 06, 2017 14:31:02.62 [4604:5328:0706/143102.619:ERROR:render_widget_host_view_aura.cc(1349)] NOT IMPLEMENTED
7月 06, 2017 14:31:02.68 [4604:5328:0706/143102.619:ERROR:render_widget_host_view_aura.cc(1349)] NOT IMPLEMENTED
7月 06, 2017 14:31:18.64 [4604:5328:0706/143118.638:ERROR:render_widget_host_view_aura.cc(1349)] NOT IMPLEMENTED
7月 06, 2017 14:31:18.69 [4604:5328:0706/143118.638:ERROR:render_widget_host_view_aura.cc(1349)] NOT IMPLEMENTED
7月 06, 2017 14:31:36.88 [4604:5328:0706/143136.885:ERROR:render_widget_host_view_aura.cc(1349)] NOT IMPLEMENTED
7月 06, 2017 14:31:36.94 [4604:5328:0706/143136.886:ERROR:render_widget_host_view_aura.cc(1349)] NOT IMPLEMENTED
7月 06, 2017 14:31:56.16 [4604:5328:0706/143156.162:ERROR:render_widget_host_view_aura.cc(1349)] NOT IMPLEMENTED
7月 06, 2017 14:31:56.20 [4604:5328:0706/143156.162:ERROR:render_widget_host_view_aura.cc(1349)] NOT IMPLEMENTED
7月 06, 2017 14:32:04.61 [4604:5328:0706/143204.606:ERROR:render_widget_host_view_aura.cc(1349)] NOT IMPLEMENTED
7月 06, 2017 14:32:04.65 [4604:5328:0706/143204.606:ERROR:render_widget_host_view_aura.cc(1349)] NOT IMPLEMENTED
7月 06, 2017 14:41:40.64 [4604:5328:0706/144140.640:ERROR:render_widget_host_view_aura.cc(1349)] NOT IMPLEMENTED
7月 06, 2017 14:41:40.67 [4604:5328:0706/144140.640:ERROR:render_widget_host_view_aura.cc(1349)] NOT IMPLEMENTED
7月 06, 2017 14:41:46.32 [4604:5328:0706/144146.324:ERROR:render_widget_host_view_aura.cc(1349)] NOT IMPLEMENTED
7月 06, 2017 14:41:46.35 [4604:5328:0706/144146.325:ERROR:render_widget_host_view_aura.cc(1349)] NOT IMPLEMENTED
7月 06, 2017 14:42:00.19 [4604:5328:0706/144200.196:ERROR:render_widget_host_view_aura.cc(1349)] NOT IMPLEMENTED
7月 06, 2017 14:42:00.22 [4604:5328:0706/144200.196:ERROR:render_widget_host_view_aura.cc(1349)] NOT IMPLEMENTED
7月 06, 2017 14:42:17.53 [4604:5328:0706/144217.524:ERROR:render_widget_host_view_aura.cc(1349)] NOT IMPLEMENTED
7月 06, 2017 14:42:17.55 [4604:5328:0706/144217.524:ERROR:render_widget_host_view_aura.cc(1349)] NOT IMPLEMENTED
7月 06, 2017 14:42:22.04 [4604:5328:0706/144222.040:ERROR:render_widget_host_view_aura.cc(1349)] NOT IMPLEMENTED
7月 06, 2017 14:42:22.06 [4604:5328:0706/144222.040:ERROR:render_widget_host_view_aura.cc(1349)] NOT IMPLEMENTED
7月 06, 2017 15:00:15.82 [4604:5080:0706/150015.627:ERROR:ssl_client_socket_impl.cc(1054)] handshake failed; returned -1, SSL error code 1, net_error -101
7月 06, 2017 15:00:15.89 [4604:5080:0706/150015.635:ERROR:ssl_client_socket_impl.cc(1054)] handshake failed; returned -1, SSL error code 1, net_error -101
7月 06, 2017 15:03:40.58 [5012:1608:0706/150340.581:ERROR:CONSOLE(146)] "Failed to execute 'postMessage' on 'DOMWindow': The target origin provided ('https://www.kayac.com') does not match the recipient window's origin ('https://www.google.co.jp').", source: chrome-search://most-visited/single.js (146)

7月 07, 2017 06:04:23.05 NEW SESSION
7月 07, 2017 06:04:23.05 [2448:4160:0707/060422.984:ERROR:gcm_channel_status_request.cc(127)] GCM channel request failed.
7月 07, 2017 06:04:45.35 [2448:4160:0707/060445.354:ERROR:gcm_channel_status_request.cc(127)] GCM channel request failed.
7月 07, 2017 06:05:40.98 [2448:4160:0707/060540.981:ERROR:gcm_channel_status_request.cc(127)] GCM channel request failed.
7月 07, 2017 06:07:12.16 [2448:4160:0707/060712.158:ERROR:gcm_channel_status_request.cc(127)] GCM channel request failed.
7月 07, 2017 06:10:18.06 [2448:4160:0707/061018.063:ERROR:gcm_channel_status_request.cc(127)] GCM channel request failed.
7月 07, 2017 06:15:51.20 [2448:5796:0707/061551.198:ERROR:service_manager.cc(158)] Connection InterfaceProviderSpec prevented service: content_plugin from binding interface: memory_instrumentation::mojom::Coordinator exposed by: content_browser
7月 07, 2017 06:45:49.25 [2448:4160:0707/064549.239:ERROR:render_widget_host_view_aura.cc(1349)] NOT IMPLEMENTED
7月 07, 2017 06:45:49.37 [2448:4160:0707/064549.240:ERROR:render_widget_host_view_aura.cc(1349)] NOT IMPLEMENTED
7月 07, 2017 06:46:20.32 [2448:4160:0707/064620.323:ERROR:render_widget_host_view_aura.cc(1349)] NOT IMPLEMENTED
7月 07, 2017 06:46:20.37 [2448:4160:0707/064620.323:ERROR:render_widget_host_view_aura.cc(1349)] NOT IMPLEMENTED
7月 07, 2017 07:05:26.47 [2448:4160:0707/070526.475:ERROR:render_widget_host_view_aura.cc(1349)] NOT IMPLEMENTED
7月 07, 2017 07:05:26.52 [2448:4160:0707/070526.476:ERROR:render_widget_host_view_aura.cc(1349)] NOT IMPLEMENTED

7月 08, 2017 17:56:00.27 NEW SESSION
7月 08, 2017 17:56:00.27 [3336:3028:0708/175600.242:ERROR:gcm_channel_status_request.cc(127)] GCM channel request failed.
7月 08, 2017 17:56:21.56 [3336:3028:0708/175621.559:ERROR:gcm_channel_status_request.cc(127)] GCM channel request failed.
7月 08, 2017 17:57:04.75 [3336:3028:0708/175704.749:ERROR:gcm_channel_status_request.cc(127)] GCM channel request failed.
7月 08, 2017 17:58:41.88 [3336:3028:0708/175841.884:ERROR:gcm_channel_status_request.cc(127)] GCM channel request failed.

7月 10, 2017 11:38:07.03 NEW SESSION
7月 10, 2017 11:38:07.03 [4720:4724:0710/113807.001:ERROR:gcm_channel_status_request.cc(127)] GCM channel request failed.
7月 10, 2017 11:38:36.47 [4720:4724:0710/113836.472:ERROR:gcm_channel_status_request.cc(127)] GCM channel request failed.
7月 10, 2017 11:39:32.51 [4720:4724:0710/113932.512:ERROR:gcm_channel_status_request.cc(127)] GCM channel request failed.
7月 10, 2017 11:40:53.11 [4720:4724:0710/114053.114:ERROR:gcm_channel_status_request.cc(127)] GCM channel request failed.
7月 10, 2017 11:44:38.18 [4720:4724:0710/114438.180:ERROR:gcm_channel_status_request.cc(127)] GCM channel request failed.
